413145 execve("./minifork", ["./minifork"], 0x7fff603d8738 /* 24 vars */) = 0
413145 brk(NULL)                        = 0x55d0f02b8000
413145 arch_prctl(0x3001 /* ARCH_??? */, 0x7ffc33555dc0) = -1 EINVAL (Invalid argument)
413145 mmap(NULL, 8192, PROT_READ|PROT_WRITE, MAP_PRIVATE|MAP_ANONYMOUS, -1, 0) = 0x7f1f82348000
413145 access("/etc/ld.so.preload", R_OK) = -1 ENOENT (No such file or directory)
413145 openat(AT_FDCWD, "/etc/ld.so.cache", O_RDONLY|O_CLOEXEC) = 3
413145 newfstatat(3, "", {st_mode=S_IFREG|0644, st_size=22156, ...}, AT_EMPTY_PATH) = 0
413145 mmap(NULL, 22156, PROT_READ, MAP_PRIVATE, 3, 0) = 0x7f1f82342000
413145 close(3)                         = 0
413145 openat(AT_FDCWD, "/lib/x86_64-linux-gnu/libc.so.6", O_RDONLY|O_CLOEXEC) = 3
413145 read(3, "\177ELF\2\1\1\3\0\0\0\0\0\0\0\0\3\0>\0\1\0\0\0P\237\2\0\0\0\0\0"..., 832) = 832
413145 pread64(3, "\6\0\0\0\4\0\0\0@\0\0\0\0\0\0\0@\0\0\0\0\0\0\0@\0\0\0\0\0\0\0"..., 784, 64) = 784
413145 pread64(3, "\4\0\0\0 \0\0\0\5\0\0\0GNU\0\2\0\0\300\4\0\0\0\3\0\0\0\0\0\0\0"..., 48, 848) = 48
413145 pread64(3, "\4\0\0\0\24\0\0\0\3\0\0\0GNU\0O{\f\225\\=\201\327\312\301P\32$\230\266\235"..., 68, 896) = 68
413145 newfstatat(3, "", {st_mode=S_IFREG|0755, st_size=2220400, ...}, AT_EMPTY_PATH) = 0
413145 pread64(3, "\6\0\0\0\4\0\0\0@\0\0\0\0\0\0\0@\0\0\0\0\0\0\0@\0\0\0\0\0\0\0"..., 784, 64) = 784
413145 mmap(NULL, 2264656, PROT_READ, MAP_PRIVATE|MAP_DENYWRITE, 3, 0) = 0x7f1f82119000
413145 mprotect(0x7f1f82141000, 2023424, PROT_NONE) = 0
413145 mmap(0x7f1f82141000, 1658880, PROT_READ|PROT_EXEC, MAP_PRIVATE|MAP_FIXED|MAP_DENYWRITE, 3, 0x28000) = 0x7f1f82141000
413145 mmap(0x7f1f822d6000, 360448, PROT_READ, MAP_PRIVATE|MAP_FIXED|MAP_DENYWRITE, 3, 0x1bd000) = 0x7f1f822d6000
413145 mmap(0x7f1f8232f000, 24576, PROT_READ|PROT_WRITE, MAP_PRIVATE|MAP_FIXED|MAP_DENYWRITE, 3, 0x215000) = 0x7f1f8232f000
413145 mmap(0x7f1f82335000, 52816, PROT_READ|PROT_WRITE, MAP_PRIVATE|MAP_FIXED|MAP_ANONYMOUS, -1, 0) = 0x7f1f82335000
413145 close(3)                         = 0
413145 mmap(NULL, 12288, PROT_READ|PROT_WRITE, MAP_PRIVATE|MAP_ANONYMOUS, -1, 0) = 0x7f1f82116000
413145 arch_prctl(ARCH_SET_FS, 0x7f1f82116740) = 0
413145 set_tid_address(0x7f1f82116a10)  = 413145
413145 set_robust_list(0x7f1f82116a20, 24) = 0
413145 rseq(0x7f1f821170e0, 0x20, 0, 0x53053053) = 0
413145 mprotect(0x7f1f8232f000, 16384, PROT_READ) = 0
413145 mprotect(0x55d0e73e7000, 4096, PROT_READ) = 0
413145 mprotect(0x7f1f82382000, 8192, PROT_READ) = 0
413145 prlimit64(0, RLIMIT_STACK, NULL, {rlim_cur=8192*1024, rlim_max=RLIM64_INFINITY}) = 0
413145 munmap(0x7f1f82342000, 22156)    = 0
413145 getpid()                         = 413145
413145 newfstatat(1, "", {st_mode=S_IFCHR|0620, st_rdev=makedev(0x88, 0), ...}, AT_EMPTY_PATH) = 0
413145 getrandom("\xed\x3f\xd8\x26\xa5\x1f\x46\x29", 8, GRND_NONBLOCK) = 8
413145 brk(NULL)                        = 0x55d0f02b8000
413145 brk(0x55d0f02d9000)              = 0x55d0f02d9000
413145 write(1, "--- [Pai, PID: 413145] Ol\303\241! Vou"..., 71) = 71
413145 clone(child_stack=NULL, flags=CLONE_CHILD_CLEARTID|CLONE_CHILD_SETTID|SIGCHLD, child_tidptr=0x7f1f82116a10) = 413146
413145 getpid()                         = 413145
413145 write(1, "--- [Pai, PID: 413145] Criei o f"..., 54) = 54
413145 getpid()                         = 413145
413145 write(1, "--- [Pai, PID: 413145] Vou esper"..., 61) = 61
413145 wait4(413146,  <unfinished ...>
413146 set_robust_list(0x7f1f82116a20, 24) = 0
413146 getpid()                         = 413146
413146 write(1, "   [Filho, PID: 413146] Eu sou o"..., 81) = 81
413146 execve("/bin/ls", ["/bin/ls", "-l"], 0x7ffc33555e48 /* 0 vars */) = 0
413146 brk(NULL)                        = 0x5640d4033000
413146 arch_prctl(0x3001 /* ARCH_??? */, 0x7ffcd844ea20) = -1 EINVAL (Invalid argument)
413146 mmap(NULL, 8192, PROT_READ|PROT_WRITE, MAP_PRIVATE|MAP_ANONYMOUS, -1, 0) = 0x7ff46a552000
413146 access("/etc/ld.so.preload", R_OK) = -1 ENOENT (No such file or directory)
413146 openat(AT_FDCWD, "/etc/ld.so.cache", O_RDONLY|O_CLOEXEC) = 3
413146 newfstatat(3, "", {st_mode=S_IFREG|0644, st_size=22156, ...}, AT_EMPTY_PATH) = 0
413146 mmap(NULL, 22156, PROT_READ, MAP_PRIVATE, 3, 0) = 0x7ff46a54c000
413146 close(3)                         = 0
413146 openat(AT_FDCWD, "/lib/x86_64-linux-gnu/libselinux.so.1", O_RDONLY|O_CLOEXEC) = 3
413146 read(3, "\177ELF\2\1\1\0\0\0\0\0\0\0\0\0\3\0>\0\1\0\0\0\0\0\0\0\0\0\0\0"..., 832) = 832
413146 newfstatat(3, "", {st_mode=S_IFREG|0644, st_size=166280, ...}, AT_EMPTY_PATH) = 0
413146 mmap(NULL, 177672, PROT_READ, MAP_PRIVATE|MAP_DENYWRITE, 3, 0) = 0x7ff46a520000
413146 mprotect(0x7ff46a526000, 139264, PROT_NONE) = 0
413146 mmap(0x7ff46a526000, 106496, PROT_READ|PROT_EXEC, MAP_PRIVATE|MAP_FIXED|MAP_DENYWRITE, 3, 0x6000) = 0x7ff46a526000
413146 mmap(0x7ff46a540000, 28672, PROT_READ, MAP_PRIVATE|MAP_FIXED|MAP_DENYWRITE, 3, 0x20000) = 0x7ff46a540000
413146 mmap(0x7ff46a548000, 8192, PROT_READ|PROT_WRITE, MAP_PRIVATE|MAP_FIXED|MAP_DENYWRITE, 3, 0x27000) = 0x7ff46a548000
413146 mmap(0x7ff46a54a000, 5640, PROT_READ|PROT_WRITE, MAP_PRIVATE|MAP_FIXED|MAP_ANONYMOUS, -1, 0) = 0x7ff46a54a000
413146 close(3)                         = 0
413146 openat(AT_FDCWD, "/lib/x86_64-linux-gnu/libc.so.6", O_RDONLY|O_CLOEXEC) = 3
413146 read(3, "\177ELF\2\1\1\3\0\0\0\0\0\0\0\0\3\0>\0\1\0\0\0P\237\2\0\0\0\0\0"..., 832) = 832
413146 pread64(3, "\6\0\0\0\4\0\0\0@\0\0\0\0\0\0\0@\0\0\0\0\0\0\0@\0\0\0\0\0\0\0"..., 784, 64) = 784
413146 pread64(3, "\4\0\0\0 \0\0\0\5\0\0\0GNU\0\2\0\0\300\4\0\0\0\3\0\0\0\0\0\0\0"..., 48, 848) = 48
413146 pread64(3, "\4\0\0\0\24\0\0\0\3\0\0\0GNU\0O{\f\225\\=\201\327\312\301P\32$\230\266\235"..., 68, 896) = 68
413146 newfstatat(3, "", {st_mode=S_IFREG|0755, st_size=2220400, ...}, AT_EMPTY_PATH) = 0
413146 pread64(3, "\6\0\0\0\4\0\0\0@\0\0\0\0\0\0\0@\0\0\0\0\0\0\0@\0\0\0\0\0\0\0"..., 784, 64) = 784
413146 mmap(NULL, 2264656, PROT_READ, MAP_PRIVATE|MAP_DENYWRITE, 3, 0) = 0x7ff46a2f7000
413146 mprotect(0x7ff46a31f000, 2023424, PROT_NONE) = 0
413146 mmap(0x7ff46a31f000, 1658880, PROT_READ|PROT_EXEC, MAP_PRIVATE|MAP_FIXED|MAP_DENYWRITE, 3, 0x28000) = 0x7ff46a31f000
413146 mmap(0x7ff46a4b4000, 360448, PROT_READ, MAP_PRIVATE|MAP_FIXED|MAP_DENYWRITE, 3, 0x1bd000) = 0x7ff46a4b4000
413146 mmap(0x7ff46a50d000, 24576, PROT_READ|PROT_WRITE, MAP_PRIVATE|MAP_FIXED|MAP_DENYWRITE, 3, 0x215000) = 0x7ff46a50d000
413146 mmap(0x7ff46a513000, 52816, PROT_READ|PROT_WRITE, MAP_PRIVATE|MAP_FIXED|MAP_ANONYMOUS, -1, 0) = 0x7ff46a513000
413146 close(3)                         = 0
413146 openat(AT_FDCWD, "/lib/x86_64-linux-gnu/libpcre2-8.so.0", O_RDONLY|O_CLOEXEC) = 3
413146 read(3, "\177ELF\2\1\1\0\0\0\0\0\0\0\0\0\3\0>\0\1\0\0\0\0\0\0\0\0\0\0\0"..., 832) = 832
413146 newfstatat(3, "", {st_mode=S_IFREG|0644, st_size=613064, ...}, AT_EMPTY_PATH) = 0
413146 mmap(NULL, 615184, PROT_READ, MAP_PRIVATE|MAP_DENYWRITE, 3, 0) = 0x7ff46a260000
413146 mmap(0x7ff46a262000, 438272, PROT_READ|PROT_EXEC, MAP_PRIVATE|MAP_FIXED|MAP_DENYWRITE, 3, 0x2000) = 0x7ff46a262000
413146 mmap(0x7ff46a2cd000, 163840, PROT_READ, MAP_PRIVATE|MAP_FIXED|MAP_DENYWRITE, 3, 0x6d000) = 0x7ff46a2cd000
413146 mmap(0x7ff46a2f5000, 8192, PROT_READ|PROT_WRITE, MAP_PRIVATE|MAP_FIXED|MAP_DENYWRITE, 3, 0x94000) = 0x7ff46a2f5000
413146 close(3)                         = 0
413146 mmap(NULL, 12288, PROT_READ|PROT_WRITE, MAP_PRIVATE|MAP_ANONYMOUS, -1, 0) = 0x7ff46a25d000
413146 arch_prctl(ARCH_SET_FS, 0x7ff46a25d800) = 0
413146 set_tid_address(0x7ff46a25dad0)  = 413146
413146 set_robust_list(0x7ff46a25dae0, 24) = 0
413146 rseq(0x7ff46a25e1a0, 0x20, 0, 0x53053053) = 0
413146 mprotect(0x7ff46a50d000, 16384, PROT_READ) = 0
413146 mprotect(0x7ff46a2f5000, 4096, PROT_READ) = 0
413146 mprotect(0x7ff46a548000, 4096, PROT_READ) = 0
413146 mprotect(0x5640a1b11000, 8192, PROT_READ) = 0
413146 mprotect(0x7ff46a58c000, 8192, PROT_READ) = 0
413146 prlimit64(0, RLIMIT_STACK, NULL, {rlim_cur=8192*1024, rlim_max=RLIM64_INFINITY}) = 0
413146 munmap(0x7ff46a54c000, 22156)    = 0
413146 statfs("/sys/fs/selinux", 0x7ffcd844ea60) = -1 ENOENT (No such file or directory)
413146 statfs("/selinux", 0x7ffcd844ea60) = -1 ENOENT (No such file or directory)
413146 getrandom("\x63\xe9\xf0\x34\xbd\xec\x9d\x5e", 8, GRND_NONBLOCK) = 8
413146 brk(NULL)                        = 0x5640d4033000
413146 brk(0x5640d4054000)              = 0x5640d4054000
413146 openat(AT_FDCWD, "/proc/filesystems", O_RDONLY|O_CLOEXEC) = 3
413146 newfstatat(3, "", {st_mode=S_IFREG|0444, st_size=0, ...}, AT_EMPTY_PATH) = 0
413146 read(3, "nodev\tsysfs\nnodev\ttmpfs\nnodev\tbd"..., 1024) = 409
413146 read(3, "", 1024)                = 0
413146 close(3)                         = 0
413146 access("/etc/selinux/config", F_OK) = -1 ENOENT (No such file or directory)
413146 ioctl(1, TCGETS, {B38400 opost isig icanon echo ...}) = 0
413146 ioctl(1, TIOCGWINSZ, {ws_row=58, ws_col=284, ws_xpixel=7, ws_ypixel=16}) = 0
413146 openat(AT_FDCWD, ".", O_RDONLY|O_NONBLOCK|O_CLOEXEC|O_DIRECTORY) = 3
413146 newfstatat(3, "", {st_mode=S_IFDIR|0775, st_size=4096, ...}, AT_EMPTY_PATH) = 0
413146 getdents64(3, 0x5640d4038920 /* 7 entries */, 32768) = 208
413146 statx(AT_FDCWD, "minifork", AT_STATX_SYNC_AS_STAT|AT_SYMLINK_NOFOLLOW|AT_NO_AUTOMOUNT, STATX_MODE|STATX_NLINK|STATX_UID|STATX_GID|STATX_MTIME|STATX_SIZE, {stx_mask=STATX_BASIC_STATS|STATX_MNT_ID, stx_attributes=0, stx_mode=S_IFREG|0775, stx_size=16272, ...}) = 0
413146 lgetxattr("minifork", "security.selinux", 0x5640d4040930, 255) = -1 ENODATA (No data available)
413146 getxattr("minifork", "system.posix_acl_access", NULL, 0) = -1 ENODATA (No data available)
413146 socket(AF_UNIX, SOCK_STREAM|SOCK_CLOEXEC|SOCK_NONBLOCK, 0) = 4
413146 connect(4, {sa_family=AF_UNIX, sun_path="/var/run/nscd/socket"}, 110) = -1 ENOENT (No such file or directory)
413146 close(4)                         = 0
413146 socket(AF_UNIX, SOCK_STREAM|SOCK_CLOEXEC|SOCK_NONBLOCK, 0) = 4
413146 connect(4, {sa_family=AF_UNIX, sun_path="/var/run/nscd/socket"}, 110) = -1 ENOENT (No such file or directory)
413146 close(4)                         = 0
413146 newfstatat(AT_FDCWD, "/etc/nsswitch.conf", {st_mode=S_IFREG|0644, st_size=510, ...}, 0) = 0
413146 newfstatat(AT_FDCWD, "/", {st_mode=S_IFDIR|0755, st_size=4096, ...}, 0) = 0
413146 openat(AT_FDCWD, "/etc/nsswitch.conf", O_RDONLY|O_CLOEXEC) = 4
413146 newfstatat(4, "", {st_mode=S_IFREG|0644, st_size=510, ...}, AT_EMPTY_PATH) = 0
413146 read(4, "# /etc/nsswitch.conf\n#\n# Example"..., 4096) = 510
413146 read(4, "", 4096)                = 0
413146 newfstatat(4, "", {st_mode=S_IFREG|0644, st_size=510, ...}, AT_EMPTY_PATH) = 0
413146 close(4)                         = 0
413146 openat(AT_FDCWD, "/etc/passwd", O_RDONLY|O_CLOEXEC) = 4
413146 newfstatat(4, "", {st_mode=S_IFREG|0644, st_size=1766, ...}, AT_EMPTY_PATH) = 0
413146 lseek(4, 0, SEEK_SET)            = 0
413146 read(4, "root:x:0:0:root:/root:/bin/bash\n"..., 4096) = 1766
413146 close(4)                         = 0
413146 socket(AF_UNIX, SOCK_STREAM|SOCK_CLOEXEC|SOCK_NONBLOCK, 0) = 4
413146 connect(4, {sa_family=AF_UNIX, sun_path="/var/run/nscd/socket"}, 110) = -1 ENOENT (No such file or directory)
413146 close(4)                         = 0
413146 socket(AF_UNIX, SOCK_STREAM|SOCK_CLOEXEC|SOCK_NONBLOCK, 0) = 4
413146 connect(4, {sa_family=AF_UNIX, sun_path="/var/run/nscd/socket"}, 110) = -1 ENOENT (No such file or directory)
413146 close(4)                         = 0
413146 newfstatat(AT_FDCWD, "/etc/nsswitch.conf", {st_mode=S_IFREG|0644, st_size=510, ...}, 0) = 0
413146 openat(AT_FDCWD, "/etc/group", O_RDONLY|O_CLOEXEC) = 4
413146 newfstatat(4, "", {st_mode=S_IFREG|0644, st_size=850, ...}, AT_EMPTY_PATH) = 0
413146 lseek(4, 0, SEEK_SET)            = 0
413146 read(4, "root:x:0:\ndaemon:x:1:\nbin:x:2:\ns"..., 4096) = 850
413146 close(4)                         = 0
413146 statx(AT_FDCWD, "zumbi.c", AT_STATX_SYNC_AS_STAT|AT_SYMLINK_NOFOLLOW|AT_NO_AUTOMOUNT, STATX_MODE|STATX_NLINK|STATX_UID|STATX_GID|STATX_MTIME|STATX_SIZE, {stx_mask=STATX_BASIC_STATS|STATX_MNT_ID, stx_attributes=0, stx_mode=S_IFREG|0664, stx_size=835, ...}) = 0
413146 lgetxattr("zumbi.c", "security.selinux", 0x5640d4040f90, 255) = -1 ENODATA (No data available)
413146 getxattr("zumbi.c", "system.posix_acl_access", NULL, 0) = -1 ENODATA (No data available)
413146 statx(AT_FDCWD, "trace.log", AT_STATX_SYNC_AS_STAT|AT_SYMLINK_NOFOLLOW|AT_NO_AUTOMOUNT, STATX_MODE|STATX_NLINK|STATX_UID|STATX_GID|STATX_MTIME|STATX_SIZE, {stx_mask=STATX_BASIC_STATS|STATX_MNT_ID, stx_attributes=0, stx_mode=S_IFREG|0664, stx_size=12440, ...}) = 0
413146 lgetxattr("trace.log", "security.selinux", 0x5640d40410c0, 255) = -1 ENODATA (No data available)
413146 getxattr("trace.log", "system.posix_acl_access", NULL, 0) = -1 ENODATA (No data available)
413146 statx(AT_FDCWD, "minifork.c", AT_STATX_SYNC_AS_STAT|AT_SYMLINK_NOFOLLOW|AT_NO_AUTOMOUNT, STATX_MODE|STATX_NLINK|STATX_UID|STATX_GID|STATX_MTIME|STATX_SIZE, {stx_mask=STATX_BASIC_STATS|STATX_MNT_ID, stx_attributes=0, stx_mode=S_IFREG|0664, stx_size=2535, ...}) = 0
413146 lgetxattr("minifork.c", "security.selinux", 0x5640d40411f0, 255) = -1 ENODATA (No data available)
413146 getxattr("minifork.c", "system.posix_acl_access", NULL, 0) = -1 ENODATA (No data available)
413146 statx(AT_FDCWD, "zumbi", AT_STATX_SYNC_AS_STAT|AT_SYMLINK_NOFOLLOW|AT_NO_AUTOMOUNT, STATX_MODE|STATX_NLINK|STATX_UID|STATX_GID|STATX_MTIME|STATX_SIZE, {stx_mask=STATX_BASIC_STATS|STATX_MNT_ID, stx_attributes=0, stx_mode=S_IFREG|0775, stx_size=16168, ...}) = 0
413146 lgetxattr("zumbi", "security.selinux", 0x5640d4041320, 255) = -1 ENODATA (No data available)
413146 getxattr("zumbi", "system.posix_acl_access", NULL, 0) = -1 ENODATA (No data available)
413146 getdents64(3, 0x5640d4038920 /* 0 entries */, 32768) = 0
413146 close(3)                         = 0
413146 newfstatat(1, "", {st_mode=S_IFCHR|0620, st_rdev=makedev(0x88, 0), ...}, AT_EMPTY_PATH) = 0
413146 write(1, "total 56\n", 9)        = 9
413146 openat(AT_FDCWD, "/etc/localtime", O_RDONLY|O_CLOEXEC) = 3
413146 newfstatat(3, "", {st_mode=S_IFREG|0644, st_size=114, ...}, AT_EMPTY_PATH) = 0
413146 newfstatat(3, "", {st_mode=S_IFREG|0644, st_size=114, ...}, AT_EMPTY_PATH) = 0
413146 read(3, "TZif2\0\0\0\0\0\0\0\0\0\0\0\0\0\0\0\0\0\0\0\0\0\0\0\0\0\0\0"..., 4096) = 114
413146 lseek(3, -60, SEEK_CUR)          = 54
413146 read(3, "TZif2\0\0\0\0\0\0\0\0\0\0\0\0\0\0\0\0\0\0\0\0\0\0\0\0\0\0\0"..., 4096) = 60
413146 close(3)                         = 0
413146 write(1, "-rwxrwxr-x 1 ubuntu ubuntu 16272"..., 55) = 55
413146 write(1, "-rw-rw-r-- 1 ubuntu ubuntu  2535"..., 57) = 57
413146 write(1, "-rw-rw-r-- 1 ubuntu ubuntu 12440"..., 56) = 56
413146 write(1, "-rwxrwxr-x 1 ubuntu ubuntu 16168"..., 52) = 52
413146 write(1, "-rw-rw-r-- 1 ubuntu ubuntu   835"..., 54) = 54
413146 close(1)                         = 0
413146 close(2)                         = 0
413146 exit_group(0)                    = ?
413146 +++ exited with 0 +++
413145 <... wait4 resumed>[{WIFEXITED(s) && WEXITSTATUS(s) == 0}], 0, NULL) = 413146
413145 --- SIGCHLD {si_signo=SIGCHLD, si_code=CLD_EXITED, si_pid=413146, si_uid=1000, si_status=0, si_utime=0, si_stime=0} ---
413145 getpid()                         = 413145
413145 write(1, "--- [Pai, PID: 413145] Meu filho"..., 62) = 62
413145 exit_group(0)                    = ?
413145 +++ exited with 0 +++
